<?xml version="1.0" encoding="UTF-8"?>
<testng-results ignored="0" total="2" passed="2" failed="0" skipped="0">
  <reporter-output>
  </reporter-output>
  <suite started-at="2024-08-14T13:24:06 IST" name="Default suite" finished-at="2024-08-14T13:24:06 IST" duration-ms="64">
    <groups>
    </groups>
    <test started-at="2024-08-14T13:24:06 IST" name="Default test" finished-at="2024-08-14T13:24:06 IST" duration-ms="64">
      <class name="Package1.ContactTest">
        <test-method signature="createcontactTest()[pri:0, instance:Package1.ContactTest@223d2c72]" started-at="2024-08-14T13:24:06 IST" name="createcontactTest" finished-at="2024-08-14T13:24:06 IST" duration-ms="11" status="PASS">
          <reporter-output>
          </reporter-output>
        </test-method> <!-- createcontactTest -->
        <test-method signature="modifycontactTest()[pri:0, instance:Package1.ContactTest@223d2c72]" started-at="2024-08-14T13:24:06 IST" name="modifycontactTest" finished-at="2024-08-14T13:24:06 IST" duration-ms="4" status="PASS">
          <reporter-output>
          </reporter-output>
        </test-method> <!-- modifycontactTest -->
      </class> <!-- Package1.ContactTest -->
    </test> <!-- Default test -->
  </suite> <!-- Default suite -->
</testng-results>
