<?xml version="1.0" encoding="UTF-8"?>
<!-- Generated by org.testng.reporters.JUnitXMLReporter -->
<testsuite ignored="0" hostname="GOPIKA" failures="0" tests="4" name="Test" time="0.05" errors="0" timestamp="2024-08-16T15:52:38 IST">
  <testcase classname="Package1.ContactTest" name="createcontactTest" time="0.005"/>
  <testcase classname="Package1.ContactTest" name="modifycontactTest" time="0.001"/>
  <testcase classname="Package2.OrgTest" name="createOrgTest" time="0.0"/>
  <testcase classname="Package2.OrgTest" name="modifyOrgTest" time="0.001"/>
</testsuite> <!-- Test -->
