<?xml version="1.0" encoding="UTF-8"?>
<testng-results ignored="0" total="2" passed="2" failed="0" skipped="0">
  <reporter-output>
  </reporter-output>
  <suite started-at="2024-08-16T17:10:53 IST" name="Suite" finished-at="2024-08-16T17:10:54 IST" duration-ms="87">
    <groups>
    </groups>
    <test started-at="2024-08-16T17:10:53 IST" name="Test" finished-at="2024-08-16T17:10:54 IST" duration-ms="87">
      <class name="Package1.ContactTest">
        <test-method signature="createcontactTest()[pri:0, instance:Package1.ContactTest@2b546384]" started-at="2024-08-16T17:10:54 IST" name="createcontactTest" finished-at="2024-08-16T17:10:54 IST" duration-ms="7" status="PASS">
          <reporter-output>
          </reporter-output>
        </test-method> <!-- createcontactTest -->
        <test-method signature="modifycontactTest()[pri:0, instance:Package1.ContactTest@2b546384]" started-at="2024-08-16T17:10:54 IST" name="modifycontactTest" finished-at="2024-08-16T17:10:54 IST" duration-ms="1" status="PASS">
          <reporter-output>
          </reporter-output>
        </test-method> <!-- modifycontactTest -->
      </class> <!-- Package1.ContactTest -->
    </test> <!-- Test -->
  </suite> <!-- Suite -->
</testng-results>
