<?xml version="1.0" encoding="UTF-8"?>
<testng-results ignored="0" total="4" passed="4" failed="0" skipped="0">
  <reporter-output>
  </reporter-output>
  <suite started-at="2024-08-16T15:08:59 IST" name="Suite" finished-at="2024-08-16T15:08:59 IST" duration-ms="58">
    <groups>
    </groups>
    <test started-at="2024-08-16T15:08:59 IST" name="Test" finished-at="2024-08-16T15:08:59 IST" duration-ms="58">
      <class name="Package1.ContactTest">
        <test-method signature="createcontactTest()[pri:0, instance:Package1.ContactTest@20d3d15a]" started-at="2024-08-16T15:08:59 IST" name="createcontactTest" finished-at="2024-08-16T15:08:59 IST" duration-ms="4" status="PASS">
          <reporter-output>
          </reporter-output>
        </test-method> <!-- createcontactTest -->
        <test-method signature="modifycontactTest()[pri:0, instance:Package1.ContactTest@20d3d15a]" started-at="2024-08-16T15:08:59 IST" name="modifycontactTest" finished-at="2024-08-16T15:08:59 IST" duration-ms="1" status="PASS">
          <reporter-output>
          </reporter-output>
        </test-method> <!-- modifycontactTest -->
      </class> <!-- Package1.ContactTest -->
      <class name="Package2.OrgTest">
        <test-method signature="createOrgTest()[pri:0, instance:Package2.OrgTest@2aece37d]" started-at="2024-08-16T15:08:59 IST" name="createOrgTest" finished-at="2024-08-16T15:08:59 IST" duration-ms="0" status="PASS">
          <reporter-output>
          </reporter-output>
        </test-method> <!-- createOrgTest -->
        <test-method signature="modifyOrgTest()[pri:0, instance:Package2.OrgTest@2aece37d]" started-at="2024-08-16T15:08:59 IST" name="modifyOrgTest" finished-at="2024-08-16T15:08:59 IST" duration-ms="0" status="PASS">
          <reporter-output>
          </reporter-output>
        </test-method> <!-- modifyOrgTest -->
      </class> <!-- Package2.OrgTest -->
    </test> <!-- Test -->
  </suite> <!-- Suite -->
</testng-results>
